<?xml version="1.0" encoding="UTF-8"?>
<testng-results ignored="4" total="5" passed="1" failed="0" skipped="0">
  <reporter-output>
  </reporter-output>
  <suite started-at="2023-05-17T20:58:24 IST" name="Default suite" finished-at="2023-05-17T20:58:32 IST" duration-ms="7547">
    <groups>
    </groups>
    <test started-at="2023-05-17T20:58:24 IST" name="Default test" finished-at="2023-05-17T20:58:32 IST" duration-ms="7547">
      <class name="com.tutorialsninja.qa.testcases.LoginTest">
        <test-method is-config="true" signature="setup()[pri:0, instance:com.tutorialsninja.qa.testcases.LoginTest@783a467b]" started-at="2023-05-17T20:58:24 IST" name="setup" finished-at="2023-05-17T20:58:31 IST" duration-ms="6546" status="PASS">
          <reporter-output>
          </reporter-output>
        </test-method> <!-- setup -->
        <test-method signature="verifyLoginWithInvalidEmailAndValidPassword()[pri:3, instance:com.tutorialsninja.qa.testcases.LoginTest@783a467b]" started-at="2023-05-17T20:58:31 IST" name="verifyLoginWithInvalidEmailAndValidPassword" finished-at="2023-05-17T20:58:32 IST" duration-ms="623" status="PASS">
          <reporter-output>
          </reporter-output>
        </test-method> <!-- verifyLoginWithInvalidEmailAndValidPassword -->
        <test-method is-config="true" signature="tearDown()[pri:0, instance:com.tutorialsninja.qa.testcases.LoginTest@783a467b]" started-at="2023-05-17T20:58:32 IST" name="tearDown" finished-at="2023-05-17T20:58:32 IST" duration-ms="334" status="PASS">
          <reporter-output>
          </reporter-output>
        </test-method> <!-- tearDown -->
      </class> <!-- com.tutorialsninja.qa.testcases.LoginTest -->
    </test> <!-- Default test -->
  </suite> <!-- Default suite -->
</testng-results>
